<domain type='kvm'>
  <name>windows</name>
  <memory>1048576</memory>
  <cpu match="minimum">
    <vendor>Intel</vendor>
    <model fallback="allow">Broadwell</model>
    <topology sockets="4" cores="8" threads="2"/>
  </cpu>
  <features>
    <acpi/>
    <apic/>
    <pae/>
  </features>
  <os>
    <type>hvm</type>
    <boot dev='hd'/>
  </os>
  <devices>
    <disk type='file' device='disk'>
      <driver name='qemu' type='raw'/>
      <source file='../test-data/phony-guests/windows.img'/>
      <target dev='vda' bus='virtio'/>
    </disk>
    <interface type='network'>
      <mac address='00:11:22:33:44:55'/>
      <source network='default'/>
      <model type='virtio'/>
    </interface>
    <video>
      <model type='qxl' ram='65536' vram='65536' vgamem='16384' heads='1'/>
    </video>
  </devices>
</domain>
